mode: set
rbac-project/internal/application/services.go:16.82,18.2 1 1
rbac-project/internal/application/services.go:20.88,21.36 1 1
rbac-project/internal/application/services.go:21.36,23.3 1 1
rbac-project/internal/application/services.go:24.2,27.32 4 1
rbac-project/internal/application/services.go:30.88,31.36 1 1
rbac-project/internal/application/services.go:31.36,33.3 1 0
rbac-project/internal/application/services.go:34.2,35.32 2 1
rbac-project/internal/application/services.go:38.101,39.17 1 1
rbac-project/internal/application/services.go:39.17,41.3 1 0
rbac-project/internal/application/services.go:42.2,42.35 1 1
rbac-project/internal/application/services.go:49.61,51.2 1 1
rbac-project/internal/application/services.go:53.75,54.58 1 1
rbac-project/internal/application/services.go:54.58,56.3 1 0
rbac-project/internal/application/services.go:57.2,60.33 4 1
rbac-project/internal/application/services.go:63.75,64.58 1 1
rbac-project/internal/application/services.go:64.58,66.3 1 0
rbac-project/internal/application/services.go:67.2,68.33 2 1
rbac-project/internal/application/services.go:71.93,72.17 1 1
rbac-project/internal/application/services.go:72.17,74.3 1 0
rbac-project/internal/application/services.go:75.2,75.39 1 1
rbac-project/internal/application/services.go:82.79,84.2 1 1
rbac-project/internal/application/services.go:86.93,87.76 1 1
rbac-project/internal/application/services.go:87.76,89.3 1 0
rbac-project/internal/application/services.go:90.2,91.39 2 1
rbac-project/internal/application/services.go:94.105,95.17 1 1
rbac-project/internal/application/services.go:95.17,97.3 1 0
rbac-project/internal/application/services.go:98.2,98.39 1 1
rbac-project/internal/application/services.go:106.100,108.2 1 1
rbac-project/internal/application/services.go:110.91,111.49 1 1
rbac-project/internal/application/services.go:111.49,113.3 1 0
rbac-project/internal/application/services.go:114.2,115.16 2 1
rbac-project/internal/application/services.go:115.16,117.3 1 0
rbac-project/internal/application/services.go:118.2,119.29 2 1
rbac-project/internal/application/services.go:119.29,120.24 1 1
rbac-project/internal/application/services.go:120.24,122.9 2 1
rbac-project/internal/application/services.go:125.2,125.12 1 1
rbac-project/internal/application/services.go:125.12,127.3 1 1
rbac-project/internal/application/services.go:128.2,128.58 1 1
rbac-project/internal/application/services.go:131.111,132.33 1 1
rbac-project/internal/application/services.go:132.33,134.3 1 0
rbac-project/internal/application/services.go:135.2,135.55 1 1
rbac-project/internal/application/services.go:143.118,145.2 1 1
rbac-project/internal/application/services.go:147.111,148.53 1 1
rbac-project/internal/application/services.go:148.53,150.3 1 1
rbac-project/internal/application/services.go:151.2,152.16 2 1
rbac-project/internal/application/services.go:152.16,153.41 1 1
rbac-project/internal/application/services.go:153.41,155.4 1 1
rbac-project/internal/application/services.go:156.3,156.20 1 1
rbac-project/internal/application/services.go:158.2,158.31 1 1
rbac-project/internal/application/services.go:158.31,160.3 1 0
rbac-project/internal/application/services.go:161.2,162.16 2 1
rbac-project/internal/application/services.go:162.16,164.3 1 0
rbac-project/internal/application/services.go:165.2,166.29 2 1
rbac-project/internal/application/services.go:166.29,168.3 1 1
rbac-project/internal/application/services.go:169.2,169.43 1 1
rbac-project/internal/application/services.go:169.43,170.81 1 1
rbac-project/internal/application/services.go:170.81,172.4 1 1
rbac-project/internal/application/services.go:174.2,174.19 1 1
